<?xml version="1.0" encoding="UTF-8"?>
<testsuites>
  <testsuite name="" tests="47" assertions="262" errors="0" warnings="0" failures="0" skipped="0" time="0.065368">
    <testsuite name="Project Test Suite" tests="47" assertions="262" errors="0" warnings="0" failures="0" skipped="0" time="0.065368">
      <testsuite name="App\Tests\Card\TestCardHand" file="/Users/johangu/Developer/github.com/johangu/dbwebb/mvc/me/report/tests/Card/CardHandTest.php" tests="3" assertions="11" errors="0" warnings="0" failures="0" skipped="0" time="0.027457">
        <testcase name="testCreateCardHand" class="App\Tests\Card\TestCardHand" classname="App.Tests.Card.TestCardHand" file="/Users/johangu/Developer/github.com/johangu/dbwebb/mvc/me/report/tests/Card/CardHandTest.php" line="12" assertions="2" time="0.022182"/>
        <testcase name="testCreateHandWithTooSmallDeck" class="App\Tests\Card\TestCardHand" classname="App.Tests.Card.TestCardHand" file="/Users/johangu/Developer/github.com/johangu/dbwebb/mvc/me/report/tests/Card/CardHandTest.php" line="28" assertions="2" time="0.001826"/>
        <testcase name="testJsonSerialize" class="App\Tests\Card\TestCardHand" classname="App.Tests.Card.TestCardHand" file="/Users/johangu/Developer/github.com/johangu/dbwebb/mvc/me/report/tests/Card/CardHandTest.php" line="40" assertions="7" time="0.003449"/>
      </testsuite>
      <testsuite name="App\Tests\Card\CardTest" file="/Users/johangu/Developer/github.com/johangu/dbwebb/mvc/me/report/tests/Card/CardTest.php" tests="6" assertions="18" errors="0" warnings="0" failures="0" skipped="0" time="0.002189">
        <testcase name="testCreateCard" class="App\Tests\Card\CardTest" classname="App.Tests.Card.CardTest" file="/Users/johangu/Developer/github.com/johangu/dbwebb/mvc/me/report/tests/Card/CardTest.php" line="10" assertions="6" time="0.001024"/>
        <testcase name="testCardToString" class="App\Tests\Card\CardTest" classname="App.Tests.Card.CardTest" file="/Users/johangu/Developer/github.com/johangu/dbwebb/mvc/me/report/tests/Card/CardTest.php" line="21" assertions="1" time="0.000226"/>
        <testcase name="testJokerCardToString" class="App\Tests\Card\CardTest" classname="App.Tests.Card.CardTest" file="/Users/johangu/Developer/github.com/johangu/dbwebb/mvc/me/report/tests/Card/CardTest.php" line="27" assertions="1" time="0.000214"/>
        <testcase name="testCompareCards" class="App\Tests\Card\CardTest" classname="App.Tests.Card.CardTest" file="/Users/johangu/Developer/github.com/johangu/dbwebb/mvc/me/report/tests/Card/CardTest.php" line="33" assertions="2" time="0.000214"/>
        <testcase name="testCompareEqualCards" class="App\Tests\Card\CardTest" classname="App.Tests.Card.CardTest" file="/Users/johangu/Developer/github.com/johangu/dbwebb/mvc/me/report/tests/Card/CardTest.php" line="42" assertions="1" time="0.000203"/>
        <testcase name="testJsonSerialize" class="App\Tests\Card\CardTest" classname="App.Tests.Card.CardTest" file="/Users/johangu/Developer/github.com/johangu/dbwebb/mvc/me/report/tests/Card/CardTest.php" line="50" assertions="7" time="0.000309"/>
      </testsuite>
      <testsuite name="App\Tests\DeckOfCards\DeckTest" file="/Users/johangu/Developer/github.com/johangu/dbwebb/mvc/me/report/tests/DeckOfCards/DeckTest.php" tests="7" assertions="13" errors="0" warnings="0" failures="0" skipped="0" time="0.002503">
        <testcase name="testGetCountNewEmptyDeck" class="App\Tests\DeckOfCards\DeckTest" classname="App.Tests.DeckOfCards.DeckTest" file="/Users/johangu/Developer/github.com/johangu/dbwebb/mvc/me/report/tests/DeckOfCards/DeckTest.php" line="19" assertions="1" time="0.000547"/>
        <testcase name="testGetCardsNewEmptyDeck" class="App\Tests\DeckOfCards\DeckTest" classname="App.Tests.DeckOfCards.DeckTest" file="/Users/johangu/Developer/github.com/johangu/dbwebb/mvc/me/report/tests/DeckOfCards/DeckTest.php" line="25" assertions="1" time="0.000287"/>
        <testcase name="testDrawEmptyDeck" class="App\Tests\DeckOfCards\DeckTest" classname="App.Tests.DeckOfCards.DeckTest" file="/Users/johangu/Developer/github.com/johangu/dbwebb/mvc/me/report/tests/DeckOfCards/DeckTest.php" line="31" assertions="1" time="0.000568"/>
        <testcase name="testDrawHandEmptyDeck" class="App\Tests\DeckOfCards\DeckTest" classname="App.Tests.DeckOfCards.DeckTest" file="/Users/johangu/Developer/github.com/johangu/dbwebb/mvc/me/report/tests/DeckOfCards/DeckTest.php" line="37" assertions="1" time="0.000265"/>
        <testcase name="testShuffleEmptyDeck" class="App\Tests\DeckOfCards\DeckTest" classname="App.Tests.DeckOfCards.DeckTest" file="/Users/johangu/Developer/github.com/johangu/dbwebb/mvc/me/report/tests/DeckOfCards/DeckTest.php" line="43" assertions="1" time="0.000260"/>
        <testcase name="testJsonSerialize" class="App\Tests\DeckOfCards\DeckTest" classname="App.Tests.DeckOfCards.DeckTest" file="/Users/johangu/Developer/github.com/johangu/dbwebb/mvc/me/report/tests/DeckOfCards/DeckTest.php" line="50" assertions="7" time="0.000317"/>
        <testcase name="testToStringEmptyDeck" class="App\Tests\DeckOfCards\DeckTest" classname="App.Tests.DeckOfCards.DeckTest" file="/Users/johangu/Developer/github.com/johangu/dbwebb/mvc/me/report/tests/DeckOfCards/DeckTest.php" line="67" assertions="1" time="0.000258"/>
      </testsuite>
      <testsuite name="App\Tests\DeckOfCards\StandardDeckTest" file="/Users/johangu/Developer/github.com/johangu/dbwebb/mvc/me/report/tests/DeckOfCards/StandardDeckTest.php" tests="4" assertions="161" errors="0" warnings="0" failures="0" skipped="0" time="0.011930">
        <testcase name="testGetCount" class="App\Tests\DeckOfCards\StandardDeckTest" classname="App.Tests.DeckOfCards.StandardDeckTest" file="/Users/johangu/Developer/github.com/johangu/dbwebb/mvc/me/report/tests/DeckOfCards/StandardDeckTest.php" line="11" assertions="1" time="0.000967"/>
        <testcase name="testGetCards" class="App\Tests\DeckOfCards\StandardDeckTest" classname="App.Tests.DeckOfCards.StandardDeckTest" file="/Users/johangu/Developer/github.com/johangu/dbwebb/mvc/me/report/tests/DeckOfCards/StandardDeckTest.php" line="17" assertions="53" time="0.000571"/>
        <testcase name="testShuffle" class="App\Tests\DeckOfCards\StandardDeckTest" classname="App.Tests.DeckOfCards.StandardDeckTest" file="/Users/johangu/Developer/github.com/johangu/dbwebb/mvc/me/report/tests/DeckOfCards/StandardDeckTest.php" line="28" assertions="1" time="0.008347"/>
        <testcase name="testGetSorted" class="App\Tests\DeckOfCards\StandardDeckTest" classname="App.Tests.DeckOfCards.StandardDeckTest" file="/Users/johangu/Developer/github.com/johangu/dbwebb/mvc/me/report/tests/DeckOfCards/StandardDeckTest.php" line="38" assertions="106" time="0.002046"/>
      </testsuite>
      <testsuite name="App\Tests\TwentyOne\TestCardHand" file="/Users/johangu/Developer/github.com/johangu/dbwebb/mvc/me/report/tests/TwentyOne/.conform.7930324.CardHandTest.php" tests="3" assertions="11" errors="0" warnings="0" failures="0" skipped="0" time="0.002059">
        <testcase name="testAddCardToHand" class="App\Tests\TwentyOne\TestCardHand" classname="App.Tests.TwentyOne.TestCardHand" file="/Users/johangu/Developer/github.com/johangu/dbwebb/mvc/me/report/tests/TwentyOne/.conform.7930324.CardHandTest.php" line="12" assertions="1" time="0.001196"/>
        <testcase name="testGetCards" class="App\Tests\TwentyOne\TestCardHand" classname="App.Tests.TwentyOne.TestCardHand" file="/Users/johangu/Developer/github.com/johangu/dbwebb/mvc/me/report/tests/TwentyOne/.conform.7930324.CardHandTest.php" line="22" assertions="3" time="0.000342"/>
        <testcase name="testJsonSerialize" class="App\Tests\TwentyOne\TestCardHand" classname="App.Tests.TwentyOne.TestCardHand" file="/Users/johangu/Developer/github.com/johangu/dbwebb/mvc/me/report/tests/TwentyOne/.conform.7930324.CardHandTest.php" line="38" assertions="7" time="0.000520"/>
      </testsuite>
      <testsuite name="App\Tests\TwentyOne\CardHandTest" file="/Users/johangu/Developer/github.com/johangu/dbwebb/mvc/me/report/tests/TwentyOne/CardHandTest.php" tests="3" assertions="11" errors="0" warnings="0" failures="0" skipped="0" time="0.001066">
        <testcase name="testAddCardToHand" class="App\Tests\TwentyOne\CardHandTest" classname="App.Tests.TwentyOne.CardHandTest" file="/Users/johangu/Developer/github.com/johangu/dbwebb/mvc/me/report/tests/TwentyOne/CardHandTest.php" line="12" assertions="1" time="0.000274"/>
        <testcase name="testGetCards" class="App\Tests\TwentyOne\CardHandTest" classname="App.Tests.TwentyOne.CardHandTest" file="/Users/johangu/Developer/github.com/johangu/dbwebb/mvc/me/report/tests/TwentyOne/CardHandTest.php" line="22" assertions="3" time="0.000313"/>
        <testcase name="testJsonSerialize" class="App\Tests\TwentyOne\CardHandTest" classname="App.Tests.TwentyOne.CardHandTest" file="/Users/johangu/Developer/github.com/johangu/dbwebb/mvc/me/report/tests/TwentyOne/CardHandTest.php" line="38" assertions="7" time="0.000479"/>
      </testsuite>
      <testsuite name="App\Tests\TwentyOne\GameTest" file="/Users/johangu/Developer/github.com/johangu/dbwebb/mvc/me/report/tests/TwentyOne/GameTest.php" tests="18" assertions="28" errors="0" warnings="0" failures="0" skipped="0" time="0.017496">
        <testcase name="testAddPlayer" class="App\Tests\TwentyOne\GameTest" classname="App.Tests.TwentyOne.GameTest" file="/Users/johangu/Developer/github.com/johangu/dbwebb/mvc/me/report/tests/TwentyOne/GameTest.php" line="15" assertions="2" time="0.002690"/>
        <testcase name="testGetCurrentPlayer" class="App\Tests\TwentyOne\GameTest" classname="App.Tests.TwentyOne.GameTest" file="/Users/johangu/Developer/github.com/johangu/dbwebb/mvc/me/report/tests/TwentyOne/GameTest.php" line="26" assertions="1" time="0.000519"/>
        <testcase name="testCheckScoreFaceCard" class="App\Tests\TwentyOne\GameTest" classname="App.Tests.TwentyOne.GameTest" file="/Users/johangu/Developer/github.com/johangu/dbwebb/mvc/me/report/tests/TwentyOne/GameTest.php" line="36" assertions="1" time="0.001211"/>
        <testcase name="testCheckScoreAceNotBust" class="App\Tests\TwentyOne\GameTest" classname="App.Tests.TwentyOne.GameTest" file="/Users/johangu/Developer/github.com/johangu/dbwebb/mvc/me/report/tests/TwentyOne/GameTest.php" line="48" assertions="1" time="0.000586"/>
        <testcase name="testCheckScoreAceBust" class="App\Tests\TwentyOne\GameTest" classname="App.Tests.TwentyOne.GameTest" file="/Users/johangu/Developer/github.com/johangu/dbwebb/mvc/me/report/tests/TwentyOne/GameTest.php" line="60" assertions="1" time="0.000698"/>
        <testcase name="testCheckScoreNumberedCard" class="App\Tests\TwentyOne\GameTest" classname="App.Tests.TwentyOne.GameTest" file="/Users/johangu/Developer/github.com/johangu/dbwebb/mvc/me/report/tests/TwentyOne/GameTest.php" line="72" assertions="1" time="0.000952"/>
        <testcase name="testGetWinnerNoWinner" class="App\Tests\TwentyOne\GameTest" classname="App.Tests.TwentyOne.GameTest" file="/Users/johangu/Developer/github.com/johangu/dbwebb/mvc/me/report/tests/TwentyOne/GameTest.php" line="85" assertions="1" time="0.000323"/>
        <testcase name="testDealCard" class="App\Tests\TwentyOne\GameTest" classname="App.Tests.TwentyOne.GameTest" file="/Users/johangu/Developer/github.com/johangu/dbwebb/mvc/me/report/tests/TwentyOne/GameTest.php" line="92" assertions="1" time="0.001004"/>
        <testcase name="testDealCardEmptyDeck" class="App\Tests\TwentyOne\GameTest" classname="App.Tests.TwentyOne.GameTest" file="/Users/johangu/Developer/github.com/johangu/dbwebb/mvc/me/report/tests/TwentyOne/GameTest.php" line="106" assertions="1" time="0.000389"/>
        <testcase name="testPlayBankTurnDrawsUntilAtLeast17" class="App\Tests\TwentyOne\GameTest" classname="App.Tests.TwentyOne.GameTest" file="/Users/johangu/Developer/github.com/johangu/dbwebb/mvc/me/report/tests/TwentyOne/GameTest.php" line="119" assertions="2" time="0.002483"/>
        <testcase name="testCheckOutcomeBust" class="App\Tests\TwentyOne\GameTest" classname="App.Tests.TwentyOne.GameTest" file="/Users/johangu/Developer/github.com/johangu/dbwebb/mvc/me/report/tests/TwentyOne/GameTest.php" line="166" assertions="1" time="0.001108"/>
        <testcase name="testCheckOutcome21" class="App\Tests\TwentyOne\GameTest" classname="App.Tests.TwentyOne.GameTest" file="/Users/johangu/Developer/github.com/johangu/dbwebb/mvc/me/report/tests/TwentyOne/GameTest.php" line="196" assertions="1" time="0.000829"/>
        <testcase name="testCheckOutcomeNoAction" class="App\Tests\TwentyOne\GameTest" classname="App.Tests.TwentyOne.GameTest" file="/Users/johangu/Developer/github.com/johangu/dbwebb/mvc/me/report/tests/TwentyOne/GameTest.php" line="226" assertions="1" time="0.000828"/>
        <testcase name="testJsonSerialize" class="App\Tests\TwentyOne\GameTest" classname="App.Tests.TwentyOne.GameTest" file="/Users/johangu/Developer/github.com/johangu/dbwebb/mvc/me/report/tests/TwentyOne/GameTest.php" line="255" assertions="7" time="0.000460"/>
        <testcase name="testToString" class="App\Tests\TwentyOne\GameTest" classname="App.Tests.TwentyOne.GameTest" file="/Users/johangu/Developer/github.com/johangu/dbwebb/mvc/me/report/tests/TwentyOne/GameTest.php" line="282" assertions="3" time="0.000740"/>
        <testcase name="testDetermineWinnerPlayerBust" class="App\Tests\TwentyOne\GameTest" classname="App.Tests.TwentyOne.GameTest" file="/Users/johangu/Developer/github.com/johangu/dbwebb/mvc/me/report/tests/TwentyOne/GameTest.php" line="297" assertions="1" time="0.001000"/>
        <testcase name="testDetermineWinnerPlayer21" class="App\Tests\TwentyOne\GameTest" classname="App.Tests.TwentyOne.GameTest" file="/Users/johangu/Developer/github.com/johangu/dbwebb/mvc/me/report/tests/TwentyOne/GameTest.php" line="326" assertions="1" time="0.000786"/>
        <testcase name="testDetermineWinnerHighScore" class="App\Tests\TwentyOne\GameTest" classname="App.Tests.TwentyOne.GameTest" file="/Users/johangu/Developer/github.com/johangu/dbwebb/mvc/me/report/tests/TwentyOne/GameTest.php" line="356" assertions="1" time="0.000891"/>
      </testsuite>
      <testsuite name="App\Tests\TwentyOne\TestPlayer" file="/Users/johangu/Developer/github.com/johangu/dbwebb/mvc/me/report/tests/TwentyOne/PlayerTest.php" tests="3" assertions="9" errors="0" warnings="0" failures="0" skipped="0" time="0.000668">
        <testcase name="testGetName" class="App\Tests\TwentyOne\TestPlayer" classname="App.Tests.TwentyOne.TestPlayer" file="/Users/johangu/Developer/github.com/johangu/dbwebb/mvc/me/report/tests/TwentyOne/PlayerTest.php" line="10" assertions="1" time="0.000207"/>
        <testcase name="testGetHand" class="App\Tests\TwentyOne\TestPlayer" classname="App.Tests.TwentyOne.TestPlayer" file="/Users/johangu/Developer/github.com/johangu/dbwebb/mvc/me/report/tests/TwentyOne/PlayerTest.php" line="16" assertions="1" time="0.000201"/>
        <testcase name="testJsonSerialize" class="App\Tests\TwentyOne\TestPlayer" classname="App.Tests.TwentyOne.TestPlayer" file="/Users/johangu/Developer/github.com/johangu/dbwebb/mvc/me/report/tests/TwentyOne/PlayerTest.php" line="23" assertions="7" time="0.000260"/>
      </testsuite>
    </testsuite>
  </testsuite>
</testsuites>
